<?xml version="1.0" encoding="UTF-8"?>
<Site BuildName="(empty)"
	BuildStamp="20260127-0633-Experimental"
	Name="junha-950XCJ-951XCJ-950XCR"
	Generator="ctest-3.22.1"
	CompilerName="/usr/bin/g++"
	CompilerVersion="11.4.0"
	OSName="Linux"
	Hostname="junha-950XCJ-951XCJ-950XCR"
	OSRelease="6.8.0-90-generic"
	OSVersion="#91~22.04.1-Ubuntu SMP PREEMPT_DYNAMIC Thu Nov 20 15:20:45 UTC 2"
	OSPlatform="x86_64"
	Is64Bits="1"
	VendorString="GenuineIntel"
	VendorID="Intel Corporation"
	FamilyID="6"
	ModelID="142"
	ProcessorCacheSize="8192"
	NumberOfLogicalCPU="8"
	NumberOfPhysicalCPU="4"
	TotalVirtualMemory="17164"
	TotalPhysicalMemory="15802"
	LogicalProcessorsPerPhysical="2"
	ProcessorClockFrequency="2896.89"
	>
	<Testing>
		<StartDateTime>Jan 27 16:36 KST</StartDateTime>
		<StartTestTime>1769499381</StartTestTime>
		<TestList/>
		<EndDateTime>Jan 27 16:36 KST</EndDateTime>
		<EndTestTime>1769499381</EndTestTime>
		<ElapsedMinutes>0</ElapsedMinutes>
	</Testing>
</Site>
